opensourceframeworkdemo/build/outputs/logs/manifest-merger-debug-report.txt
-- Merging decision tree log ---
manifest
ADDED from src/main/AndroidManifest.xml:2:1-271:12
INJECTED from src/main/AndroidManifest.xml:2:1-271:12
INJECTED from src/main/AndroidManifest.xml:2:1-271:12
INJECTED from src/main/AndroidManifest.xml:2:1-271:12
MERGED from [com.google.android.material:material:1.0.0] AndroidManifest.xml:17:1-24:12
MERGED from [androidx.appcompat:appcompat:1.0.0] AndroidManifest.xml:17:1-22:12
MERGED from [androidx.constraintlayout:constraintlayout:1.1.3] AndroidManifest.xml:2:1-11:12
MERGED from [com.orhanobut:logger:1.15] AndroidManifest.xml:2:1-8:12
MERGED from [androidx.recyclerview:recyclerview:1.0.0] AndroidManifest.xml:17:1-22:12
MERGED from [io.reactivex.rxjava2:rxandroid:2.0.1] AndroidManifest.xml:15:1-21:12
MERGED from [io.reactivex:rxandroid:1.2.1] AndroidManifest.xml:15:1-21:12
MERGED from [com.tencent.xinge:xinge:3.2.7-Release] AndroidManifest.xml:2:1-110:12
MERGED from [com.tencent.jg:jg:1.1] AndroidManifest.xml:2:1-11:12
MERGED from [com.tencent.wup:wup:1.0.0.E-Release] AndroidManifest.xml:2:1-17:12
MERGED from [com.tencent.mid:mid:4.0.6-release] AndroidManifest.xml:2:1-19:12
MERGED from [androidx.fragment:fragment:1.0.0] AndroidManifest.xml:17:1-22:12
MERGED from [androidx.vectordrawable:vectordrawable-animated:1.0.0] AndroidManifest.xml:17:1-22:12
MERGED from [androidx.legacy:legacy-support-core-ui:1.0.0] AndroidManifest.xml:17:1-22:12
MERGED from [androidx.legacy:legacy-support-core-utils:1.0.0] AndroidManifest.xml:17:1-22:12
MERGED from [androidx.transition:transition:1.0.0] AndroidManifest.xml:17:1-22:12
MERGED from [androidx.viewpager:viewpager:1.0.0] AndroidManifest.xml:17:1-22:12
MERGED from [androidx.coordinatorlayout:coordinatorlayout:1.0.0] AndroidManifest.xml:17:1-22:12
MERGED from [androidx.drawerlayout:drawerlayout:1.0.0] AndroidManifest.xml:17:1-22:12
MERGED from [androidx.slidingpanelayout:slidingpanelayout:1.0.0] AndroidManifest.xml:17:1-22:12
MERGED from [androidx.customview:customview:1.0.0] AndroidManifest.xml:17:1-22:12
MERGED from [androidx.swiperefreshlayout:swiperefreshlayout:1.0.0] AndroidManifest.xml:17:1-22:12
MERGED from [androidx.asynclayoutinflater:asynclayoutinflater:1.0.0] AndroidManifest.xml:17:1-22:12
MERGED from [androidx.loader:loader:1.0.0] AndroidManifest.xml:17:1-22:12
MERGED from [androidx.vectordrawable:vectordrawable:1.0.0] AndroidManifest.xml:17:1-22:12
MERGED from [androidx.core:core:1.0.0] AndroidManifest.xml:17:1-24:12
MERGED from [androidx.cardview:cardview:1.0.0] AndroidManifest.xml:17:1-22:12
MERGED from [androidx.versionedparcelable:versionedparcelable:1.0.0] AndroidManifest.xml:17:1-25:12
MERGED from [androidx.lifecycle:lifecycle-runtime:2.0.0] AndroidManifest.xml:17:1-22:12
MERGED from [androidx.interpolator:interpolator:1.0.0] AndroidManifest.xml:17:1-22:12
MERGED from [androidx.cursoradapter:cursoradapter:1.0.0] AndroidManifest.xml:17:1-22:12
MERGED from [androidx.documentfile:documentfile:1.0.0] AndroidManifest.xml:17:1-22:12
MERGED from [androidx.localbroadcastmanager:localbroadcastmanager:1.0.0] AndroidManifest.xml:17:1-22:12
MERGED from [androidx.print:print:1.0.0] AndroidManifest.xml:17:1-22:12
MERGED from [androidx.lifecycle:lifecycle-viewmodel:2.0.0] AndroidManifest.xml:17:1-22:12
MERGED from [androidx.lifecycle:lifecycle-livedata:2.0.0] AndroidManifest.xml:17:1-22:12
MERGED from [androidx.lifecycle:lifecycle-livedata-core:2.0.0] AndroidManifest.xml:17:1-22:12
MERGED from [androidx.arch.core:core-runtime:2.0.0] AndroidManifest.xml:17:1-22:12
INJECTED from src/main/AndroidManifest.xml:2:1-271:12
INJECTED from src/main/AndroidManifest.xml:2:1-271:12
INJECTED from src/main/AndroidManifest.xml:2:1-271:12
	package
		ADDED from src/main/AndroidManifest.xml:4:5-55
		INJECTED from src/main/AndroidManifest.xml
		INJECTED from src/main/AndroidManifest.xml
	android:versionName
		INJECTED from src/main/AndroidManifest.xml
		ADDED from src/main/AndroidManifest.xml:2:1-271:12
		INJECTED from src/main/AndroidManifest.xml
	xmlns:tools
		ADDED from src/main/AndroidManifest.xml:3:5-51
	android:versionCode
		INJECTED from src/main/AndroidManifest.xml
		ADDED from src/main/AndroidManifest.xml:2:1-271:12
		INJECTED from src/main/AndroidManifest.xml
	xmlns:android
		ADDED from src/main/AndroidManifest.xml:2:11-69
application
ADDED from src/main/AndroidManifest.xml:7:5-231:19
MERGED from [com.google.android.material:material:1.0.0] AndroidManifest.xml:22:5-20
MERGED from [com.google.android.material:material:1.0.0] AndroidManifest.xml:22:5-20
MERGED from [androidx.constraintlayout:constraintlayout:1.1.3] AndroidManifest.xml:9:5-20
MERGED from [androidx.constraintlayout:constraintlayout:1.1.3] AndroidManifest.xml:9:5-20
MERGED from [com.tencent.xinge:xinge:3.2.7-Release] AndroidManifest.xml:29:5-108:19
MERGED from [com.tencent.xinge:xinge:3.2.7-Release] AndroidManifest.xml:29:5-108:19
MERGED from [com.tencent.wup:wup:1.0.0.E-Release] AndroidManifest.xml:11:5-15:19
MERGED from [com.tencent.wup:wup:1.0.0.E-Release] AndroidManifest.xml:11:5-15:19
MERGED from [com.tencent.mid:mid:4.0.6-release] AndroidManifest.xml:11:5-17:19
MERGED from [com.tencent.mid:mid:4.0.6-release] AndroidManifest.xml:11:5-17:19
MERGED from [androidx.core:core:1.0.0] AndroidManifest.xml:22:5-89
MERGED from [androidx.core:core:1.0.0] AndroidManifest.xml:22:5-89
MERGED from [androidx.versionedparcelable:versionedparcelable:1.0.0] AndroidManifest.xml:22:5-23:19
MERGED from [androidx.versionedparcelable:versionedparcelable:1.0.0] AndroidManifest.xml:22:5-23:19
	android:appComponentFactory
		ADDED from [androidx.core:core:1.0.0] AndroidManifest.xml:22:18-86
	android:supportsRtl
		ADDED from src/main/AndroidManifest.xml:13:9-35
	android:label
		ADDED from src/main/AndroidManifest.xml:10:9-41
	android:roundIcon
		ADDED from src/main/AndroidManifest.xml:12:9-54
	android:icon
		ADDED from src/main/AndroidManifest.xml:9:9-43
	android:allowBackup
		ADDED from src/main/AndroidManifest.xml:8:9-35
	android:theme
		ADDED from src/main/AndroidManifest.xml:14:9-40
	android:networkSecurityConfig
		ADDED from src/main/AndroidManifest.xml:11:9-69
activity#com.xiaofangfang.opensourceframeworkdemo.RxJava.RxJavaTestActivity
ADDED from src/main/AndroidManifest.xml:25:9-32:20
	android:name
		ADDED from src/main/AndroidManifest.xml:25:19-60
activity#com.xiaofangfang.opensourceframeworkdemo.RxAndroid.Simple5.DownActivity
ADDED from src/main/AndroidManifest.xml:35:9-77
	android:name
		ADDED from src/main/AndroidManifest.xml:35:19-65
activity#com.xiaofangfang.opensourceframeworkdemo.MainActivity
ADDED from src/main/AndroidManifest.xml:36:9-44:20
	android:name
		ADDED from src/main/AndroidManifest.xml:36:19-47
intent-filter#action:name:android.intent.action.MAIN+category:name:android.intent.category.LAUNCHER
ADDED from src/main/AndroidManifest.xml:38:13-43:29
action#android.intent.action.MAIN
ADDED from src/main/AndroidManifest.xml:39:17-69
	android:name
		ADDED from src/main/AndroidManifest.xml:39:25-66
category#android.intent.category.LAUNCHER
ADDED from src/main/AndroidManifest.xml:42:17-77
	android:name
		ADDED from src/main/AndroidManifest.xml:42:27-74
activity#com.xiaofangfang.opensourceframeworkdemo.looger.LoogerActivity
ADDED from src/main/AndroidManifest.xml:45:9-53:20
	android:name
		ADDED from src/main/AndroidManifest.xml:45:19-56
activity#com.xiaofangfang.opensourceframeworkdemo.greenDAO.DaoActivity
ADDED from src/main/AndroidManifest.xml:54:9-67
	android:name
		ADDED from src/main/AndroidManifest.xml:54:19-55
activity#com.xiaofangfang.opensourceframeworkdemo.RxAndroid.simple3.view.RxAndroidActivity
ADDED from src/main/AndroidManifest.xml:55:9-61:20
	android:name
		ADDED from src/main/AndroidManifest.xml:55:19-75
activity#com.xiaofangfang.opensourceframeworkdemo.AspectJ.AspectJMainActivity
ADDED from src/main/AndroidManifest.xml:100:9-74
	android:name
		ADDED from src/main/AndroidManifest.xml:100:19-62
activity#com.xiaofangfang.opensourceframeworkdemo.gson.GsonParseActivity
ADDED from src/main/AndroidManifest.xml:101:9-106:20
	android:name
		ADDED from src/main/AndroidManifest.xml:101:19-57
activity#com.xiaofangfang.opensourceframeworkdemo.pullServer.LoginActivity
ADDED from src/main/AndroidManifest.xml:111:9-116:20
	android:name
		ADDED from src/main/AndroidManifest.xml:111:19-59
activity#com.xiaofangfang.opensourceframeworkdemo.pullServer.MainActivity
ADDED from src/main/AndroidManifest.xml:117:9-61
	android:name
		ADDED from src/main/AndroidManifest.xml:117:19-58
receiver#com.tencent.android.tpush.XGPushReceiver
ADDED from src/main/AndroidManifest.xml:121:9-136:20
MERGED from [com.tencent.xinge:xinge:3.2.7-Release] AndroidManifest.xml:44:9-70:20
MERGED from [com.tencent.xinge:xinge:3.2.7-Release] AndroidManifest.xml:44:9-70:20
	android:process
		ADDED from src/main/AndroidManifest.xml:123:13-45
	android:name
		ADDED from src/main/AndroidManifest.xml:122:13-68
intent-filter#action:name:android.bluetooth.adapter.action.STATE_CHANGED+action:name:android.intent.action.ACTION_POWER_CONNECTED+action:name:android.intent.action.ACTION_POWER_DISCONNECTED+action:name:android.intent.action.USER_PRESENT+action:name:android.net.conn.CONNECTIVITY_CHANGE+action:name:com.tencent.android.tpush.action.INTERNAL_PUSH_MESSAGE+action:name:com.tencent.android.tpush.action.SDK
ADDED from src/main/AndroidManifest.xml:124:13-135:29
	android:priority
		ADDED from src/main/AndroidManifest.xml:124:28-57
action#com.tencent.android.tpush.action.SDK
ADDED from src/main/AndroidManifest.xml:126:17-79
	android:name
		ADDED from src/main/AndroidManifest.xml:126:25-76
action#com.tencent.android.tpush.action.INTERNAL_PUSH_MESSAGE
ADDED from src/main/AndroidManifest.xml:127:17-97
	android:name
		ADDED from src/main/AndroidManifest.xml:127:25-94
action#android.intent.action.USER_PRESENT
ADDED from src/main/AndroidManifest.xml:129:17-77
	android:name
		ADDED from src/main/AndroidManifest.xml:129:25-74
action#android.net.conn.CONNECTIVITY_CHANGE
ADDED from src/main/AndroidManifest.xml:130:17-79
	android:name
		ADDED from src/main/AndroidManifest.xml:130:25-76
action#android.bluetooth.adapter.action.STATE_CHANGED
ADDED from src/main/AndroidManifest.xml:132:17-89
	android:name
		ADDED from src/main/AndroidManifest.xml:132:25-86
action#android.intent.action.ACTION_POWER_CONNECTED
ADDED from src/main/AndroidManifest.xml:133:17-87
	android:name
		ADDED from src/main/AndroidManifest.xml:133:25-84
action#android.intent.action.ACTION_POWER_DISCONNECTED
ADDED from src/main/AndroidManifest.xml:134:17-90
	android:name
		ADDED from src/main/AndroidManifest.xml:134:25-87
receiver#com.xiaofangfang.opensourceframeworkdemo.pullServer.PushReceiver
ADDED from src/main/AndroidManifest.xml:140:9-149:20
	android:exported
		ADDED from src/main/AndroidManifest.xml:142:13-36
	android:name
		ADDED from src/main/AndroidManifest.xml:141:13-92
intent-filter#action:name:com.tencent.android.tpush.action.FEEDBACK+action:name:com.tencent.android.tpush.action.PUSH_MESSAGE
ADDED from src/main/AndroidManifest.xml:143:13-148:29
action#com.tencent.android.tpush.action.PUSH_MESSAGE
ADDED from src/main/AndroidManifest.xml:145:17-88
	android:name
		ADDED from src/main/AndroidManifest.xml:145:25-85
action#com.tencent.android.tpush.action.FEEDBACK
ADDED from src/main/AndroidManifest.xml:147:17-84
	android:name
		ADDED from src/main/AndroidManifest.xml:147:25-81
activity#com.tencent.android.tpush.XGPushActivity
ADDED from src/main/AndroidManifest.xml:152:9-159:20
MERGED from [com.tencent.xinge:xinge:3.2.7-Release] AndroidManifest.xml:32:9-41:20
MERGED from [com.tencent.xinge:xinge:3.2.7-Release] AndroidManifest.xml:32:9-41:20
	android:exported
		ADDED from src/main/AndroidManifest.xml:154:13-37
	android:theme
		ADDED from [com.tencent.xinge:xinge:3.2.7-Release] AndroidManifest.xml:35:13-61
	android:name
		ADDED from src/main/AndroidManifest.xml:153:13-68
intent-filter#action:name:android.intent.action
ADDED from src/main/AndroidManifest.xml:155:13-158:29
action#android.intent.action
ADDED from src/main/AndroidManifest.xml:157:17-64
	android:name
		ADDED from src/main/AndroidManifest.xml:157:25-61
service#com.tencent.android.tpush.service.XGPushServiceV3
ADDED from src/main/AndroidManifest.xml:162:9-166:48
MERGED from [com.tencent.xinge:xinge:3.2.7-Release] AndroidManifest.xml:83:9-87:48
MERGED from [com.tencent.xinge:xinge:3.2.7-Release] AndroidManifest.xml:83:9-87:48
	android:process
		ADDED from src/main/AndroidManifest.xml:166:13-45
	android:exported
		ADDED from src/main/AndroidManifest.xml:164:13-36
	android:persistent
		ADDED from src/main/AndroidManifest.xml:165:13-38
	android:name
		ADDED from src/main/AndroidManifest.xml:163:13-77
service#com.tencent.android.tpush.rpc.XGRemoteService
ADDED from src/main/AndroidManifest.xml:170:9-177:19
MERGED from [com.tencent.xinge:xinge:3.2.7-Release] AndroidManifest.xml:73:9-81:19
MERGED from [com.tencent.xinge:xinge:3.2.7-Release] AndroidManifest.xml:73:9-81:19
	android:exported
		ADDED from src/main/AndroidManifest.xml:172:13-36
	android:name
		ADDED from src/main/AndroidManifest.xml:171:13-73
intent-filter#action:name:com.xiaofangfang.opensourceframeworkdemo.PUSH_ACTION
ADDED from src/main/AndroidManifest.xml:173:13-176:29
action#com.xiaofangfang.opensourceframeworkdemo.PUSH_ACTION
ADDED from src/main/AndroidManifest.xml:175:17-95
	android:name
		ADDED from src/main/AndroidManifest.xml:175:25-92
provider#com.tencent.android.tpush.XGPushProvider
ADDED from src/main/AndroidManifest.xml:181:9-184:39
MERGED from [com.tencent.xinge:xinge:3.2.7-Release] AndroidManifest.xml:90:9-93:39
MERGED from [com.tencent.xinge:xinge:3.2.7-Release] AndroidManifest.xml:90:9-93:39
	android:authorities
		ADDED from src/main/AndroidManifest.xml:183:13-87
	android:exported
		ADDED from src/main/AndroidManifest.xml:184:13-36
	android:name
		ADDED from src/main/AndroidManifest.xml:182:13-68
provider#com.tencent.android.tpush.SettingsContentProvider
ADDED from src/main/AndroidManifest.xml:187:9-190:40
MERGED from [com.tencent.xinge:xinge:3.2.7-Release] AndroidManifest.xml:95:9-98:40
MERGED from [com.tencent.xinge:xinge:3.2.7-Release] AndroidManifest.xml:95:9-98:40
	android:authorities
		ADDED from src/main/AndroidManifest.xml:189:13-90
	android:exported
		ADDED from src/main/AndroidManifest.xml:190:13-37
	android:name
		ADDED from src/main/AndroidManifest.xml:188:13-77
provider#com.tencent.mid.api.MidProvider
ADDED from src/main/AndroidManifest.xml:193:9-196:48
MERGED from [com.tencent.mid:mid:4.0.6-release] AndroidManifest.xml:12:9-16:20
MERGED from [com.tencent.mid:mid:4.0.6-release] AndroidManifest.xml:12:9-16:20
	android:authorities
		ADDED from src/main/AndroidManifest.xml:195:13-90
	android:exported
		ADDED from src/main/AndroidManifest.xml:196:13-36
	android:name
		ADDED from src/main/AndroidManifest.xml:194:13-59
meta-data#XG_V2_ACCESS_ID
ADDED from src/main/AndroidManifest.xml:200:9-202:42
MERGED from [com.tencent.xinge:xinge:3.2.7-Release] AndroidManifest.xml:101:9-103:47
MERGED from [com.tencent.xinge:xinge:3.2.7-Release] AndroidManifest.xml:101:9-103:47
	android:value
		ADDED from src/main/AndroidManifest.xml:202:13-39
	android:name
		ADDED from src/main/AndroidManifest.xml:201:13-43
meta-data#XG_V2_ACCESS_KEY
ADDED from src/main/AndroidManifest.xml:204:9-206:44
MERGED from [com.tencent.xinge:xinge:3.2.7-Release] AndroidManifest.xml:105:9-107:48
MERGED from [com.tencent.xinge:xinge:3.2.7-Release] AndroidManifest.xml:105:9-107:48
	android:value
		ADDED from src/main/AndroidManifest.xml:206:13-41
	android:name
		ADDED from src/main/AndroidManifest.xml:205:13-44
activity#com.xiaofangfang.opensourceframeworkdemo.MPAndroidChart.MpChartActivity
ADDED from src/main/AndroidManifest.xml:210:9-215:20
	android:name
		ADDED from src/main/AndroidManifest.xml:210:19-65
activity#com.xiaofangfang.opensourceframeworkdemo.wxapi.WXPayEntryActivity
ADDED from src/main/AndroidManifest.xml:218:9-228:20
	android:launchMode
		ADDED from src/main/AndroidManifest.xml:221:13-43
	android:exported
		ADDED from src/main/AndroidManifest.xml:220:13-36
	android:name
		ADDED from src/main/AndroidManifest.xml:219:13-53
intent-filter#action:name:android.intent.action.VIEW+category:name:android.intent.category.DEFAULT+data:scheme:wxd930ea5d5a258f4f
ADDED from src/main/AndroidManifest.xml:222:13-226:29
action#android.intent.action.VIEW
ADDED from src/main/AndroidManifest.xml:223:17-69
	android:name
		ADDED from src/main/AndroidManifest.xml:223:25-66
category#android.intent.category.DEFAULT
ADDED from src/main/AndroidManifest.xml:224:17-76
	android:name
		ADDED from src/main/AndroidManifest.xml:224:27-73
data
ADDED from src/main/AndroidManifest.xml:225:17-61
	android:scheme
		ADDED from src/main/AndroidManifest.xml:225:23-58
uses-permission#android.permission.INTERNET
ADDED from src/main/AndroidManifest.xml:235:5-67
MERGED from [com.tencent.xinge:xinge:3.2.7-Release] AndroidManifest.xml:11:5-67
MERGED from [com.tencent.xinge:xinge:3.2.7-Release] AndroidManifest.xml:11:5-67
	android:name
		ADDED from src/main/AndroidManifest.xml:235:22-64
uses-permission#android.permission.READ_PHONE_STATE
ADDED from src/main/AndroidManifest.xml:236:5-75
MERGED from [com.tencent.xinge:xinge:3.2.7-Release] AndroidManifest.xml:12:5-75
MERGED from [com.tencent.xinge:xinge:3.2.7-Release] AndroidManifest.xml:12:5-75
	android:name
		ADDED from src/main/AndroidManifest.xml:236:22-72
uses-permission#android.permission.ACCESS_WIFI_STATE
ADDED from src/main/AndroidManifest.xml:237:5-76
MERGED from [com.tencent.xinge:xinge:3.2.7-Release] AndroidManifest.xml:13:5-76
MERGED from [com.tencent.xinge:xinge:3.2.7-Release] AndroidManifest.xml:13:5-76
	android:name
		ADDED from src/main/AndroidManifest.xml:237:22-73
uses-permission#android.permission.ACCESS_NETWORK_STATE
ADDED from src/main/AndroidManifest.xml:238:5-79
MERGED from [com.tencent.xinge:xinge:3.2.7-Release] AndroidManifest.xml:14:5-79
MERGED from [com.tencent.xinge:xinge:3.2.7-Release] AndroidManifest.xml:14:5-79
	android:name
		ADDED from src/main/AndroidManifest.xml:238:22-76
uses-permission#android.permission.WAKE_LOCK
ADDED from src/main/AndroidManifest.xml:239:5-68
MERGED from [com.tencent.xinge:xinge:3.2.7-Release] AndroidManifest.xml:15:5-68
MERGED from [com.tencent.xinge:xinge:3.2.7-Release] AndroidManifest.xml:15:5-68
	android:name
		ADDED from src/main/AndroidManifest.xml:239:22-65
uses-permission#android.permission.VIBRATE
ADDED from src/main/AndroidManifest.xml:240:5-66
MERGED from [com.tencent.xinge:xinge:3.2.7-Release] AndroidManifest.xml:16:5-66
MERGED from [com.tencent.xinge:xinge:3.2.7-Release] AndroidManifest.xml:16:5-66
	android:name
		ADDED from src/main/AndroidManifest.xml:240:22-63
uses-permission#android.permission.RECEIVE_USER_PRESENT
ADDED from src/main/AndroidManifest.xml:242:5-79
MERGED from [com.tencent.xinge:xinge:3.2.7-Release] AndroidManifest.xml:18:5-79
MERGED from [com.tencent.xinge:xinge:3.2.7-Release] AndroidManifest.xml:18:5-79
	android:name
		ADDED from src/main/AndroidManifest.xml:242:22-76
uses-permission#android.permission.RECEIVE_BOOT_COMPLETED
ADDED from src/main/AndroidManifest.xml:243:5-81
MERGED from [com.tencent.xinge:xinge:3.2.7-Release] AndroidManifest.xml:19:5-81
MERGED from [com.tencent.xinge:xinge:3.2.7-Release] AndroidManifest.xml:19:5-81
	android:name
		ADDED from src/main/AndroidManifest.xml:243:22-78
uses-permission#android.permission.WRITE_EXTERNAL_STORAGE
ADDED from src/main/AndroidManifest.xml:244:5-81
MERGED from [com.tencent.xinge:xinge:3.2.7-Release] AndroidManifest.xml:20:5-81
MERGED from [com.tencent.xinge:xinge:3.2.7-Release] AndroidManifest.xml:20:5-81
	android:name
		ADDED from src/main/AndroidManifest.xml:244:22-78
uses-permission#android.permission.WRITE_SETTINGS
ADDED from src/main/AndroidManifest.xml:245:5-247:47
	tools:ignore
		ADDED from src/main/AndroidManifest.xml:247:9-44
	android:name
		ADDED from src/main/AndroidManifest.xml:246:9-57
uses-permission#android.permission.RESTART_PACKAGES
ADDED from src/main/AndroidManifest.xml:249:5-75
	android:name
		ADDED from src/main/AndroidManifest.xml:249:22-72
uses-permission#android.permission.BROADCAST_STICKY
ADDED from src/main/AndroidManifest.xml:250:5-75
MERGED from [com.tencent.xinge:xinge:3.2.7-Release] AndroidManifest.xml:23:5-75
MERGED from [com.tencent.xinge:xinge:3.2.7-Release] AndroidManifest.xml:23:5-75
	android:name
		ADDED from src/main/AndroidManifest.xml:250:22-72
uses-permission#android.permission.KILL_BACKGROUND_PROCESSES
ADDED from src/main/AndroidManifest.xml:251:5-84
MERGED from [com.tencent.xinge:xinge:3.2.7-Release] AndroidManifest.xml:24:5-84
MERGED from [com.tencent.xinge:xinge:3.2.7-Release] AndroidManifest.xml:24:5-84
	android:name
		ADDED from src/main/AndroidManifest.xml:251:22-81
uses-permission#android.permission.GET_TASKS
ADDED from src/main/AndroidManifest.xml:252:5-68
	android:name
		ADDED from src/main/AndroidManifest.xml:252:22-65
uses-permission#android.permission.READ_LOGS
ADDED from src/main/AndroidManifest.xml:253:5-255:47
MERGED from [com.tencent.xinge:xinge:3.2.7-Release] AndroidManifest.xml:25:5-68
MERGED from [com.tencent.xinge:xinge:3.2.7-Release] AndroidManifest.xml:25:5-68
	tools:ignore
		ADDED from src/main/AndroidManifest.xml:255:9-44
	android:name
		ADDED from src/main/AndroidManifest.xml:254:9-52
uses-permission#android.permission.BLUETOOTH
ADDED from src/main/AndroidManifest.xml:256:5-68
MERGED from [com.tencent.xinge:xinge:3.2.7-Release] AndroidManifest.xml:26:5-68
MERGED from [com.tencent.xinge:xinge:3.2.7-Release] AndroidManifest.xml:26:5-68
	android:name
		ADDED from src/main/AndroidManifest.xml:256:22-65
uses-permission#android.permission.BATTERY_STATS
ADDED from src/main/AndroidManifest.xml:257:5-259:47
MERGED from [com.tencent.xinge:xinge:3.2.7-Release] AndroidManifest.xml:27:5-72
MERGED from [com.tencent.xinge:xinge:3.2.7-Release] AndroidManifest.xml:27:5-72
	tools:ignore
		ADDED from src/main/AndroidManifest.xml:259:9-44
	android:name
		ADDED from src/main/AndroidManifest.xml:258:9-56
uses-permission#android.permission.ACCESS_COARSE_LOCATION
ADDED from src/main/AndroidManifest.xml:264:5-81
	android:name
		ADDED from src/main/AndroidManifest.xml:264:22-78
uses-permission#android.permission.ACCESS_FINE_LOCATION
ADDED from src/main/AndroidManifest.xml:265:5-79
	android:name
		ADDED from src/main/AndroidManifest.xml:265:22-76
uses-permission#android.permission.MODIFY_AUDIO_SETTINGS
ADDED from src/main/AndroidManifest.xml:269:5-80
	android:name
		ADDED from src/main/AndroidManifest.xml:269:22-77
uses-sdk
INJECTED from src/main/AndroidManifest.xml reason: use-sdk injection requested
INJECTED from src/main/AndroidManifest.xml
INJECTED from src/main/AndroidManifest.xml
MERGED from [com.google.android.material:material:1.0.0] AndroidManifest.xml:20:5-44
MERGED from [com.google.android.material:material:1.0.0] AndroidManifest.xml:20:5-44
MERGED from [androidx.appcompat:appcompat:1.0.0] AndroidManifest.xml:20:5-44
MERGED from [androidx.appcompat:appcompat:1.0.0] AndroidManifest.xml:20:5-44
MERGED from [androidx.constraintlayout:constraintlayout:1.1.3] AndroidManifest.xml:5:5-7:41
MERGED from [androidx.constraintlayout:constraintlayout:1.1.3] AndroidManifest.xml:5:5-7:41
MERGED from [com.orhanobut:logger:1.15] AndroidManifest.xml:6:5-43
MERGED from [com.orhanobut:logger:1.15] AndroidManifest.xml:6:5-43
MERGED from [androidx.recyclerview:recyclerview:1.0.0] AndroidManifest.xml:20:5-44
MERGED from [androidx.recyclerview:recyclerview:1.0.0] AndroidManifest.xml:20:5-44
MERGED from [io.reactivex.rxjava2:rxandroid:2.0.1] AndroidManifest.xml:19:5-43
MERGED from [io.reactivex.rxjava2:rxandroid:2.0.1] AndroidManifest.xml:19:5-43
MERGED from [io.reactivex:rxandroid:1.2.1] AndroidManifest.xml:19:5-43
MERGED from [io.reactivex:rxandroid:1.2.1] AndroidManifest.xml:19:5-43
MERGED from [com.tencent.xinge:xinge:3.2.7-Release] AndroidManifest.xml:7:5-9:41
MERGED from [com.tencent.xinge:xinge:3.2.7-Release] AndroidManifest.xml:7:5-9:41
MERGED from [com.tencent.jg:jg:1.1] AndroidManifest.xml:7:5-9:41
MERGED from [com.tencent.jg:jg:1.1] AndroidManifest.xml:7:5-9:41
MERGED from [com.tencent.wup:wup:1.0.0.E-Release] AndroidManifest.xml:7:5-9:41
MERGED from [com.tencent.wup:wup:1.0.0.E-Release] AndroidManifest.xml:7:5-9:41
MERGED from [com.tencent.mid:mid:4.0.6-release] AndroidManifest.xml:7:5-9:41
MERGED from [com.tencent.mid:mid:4.0.6-release] AndroidManifest.xml:7:5-9:41
MERGED from [androidx.fragment:fragment:1.0.0] AndroidManifest.xml:20:5-44
MERGED from [androidx.fragment:fragment:1.0.0] AndroidManifest.xml:20:5-44
MERGED from [androidx.vectordrawable:vectordrawable-animated:1.0.0] AndroidManifest.xml:20:5-44
MERGED from [androidx.vectordrawable:vectordrawable-animated:1.0.0] AndroidManifest.xml:20:5-44
MERGED from [androidx.legacy:legacy-support-core-ui:1.0.0] AndroidManifest.xml:20:5-44
MERGED from [androidx.legacy:legacy-support-core-ui:1.0.0] AndroidManifest.xml:20:5-44
MERGED from [androidx.legacy:legacy-support-core-utils:1.0.0] AndroidManifest.xml:20:5-44
MERGED from [androidx.legacy:legacy-support-core-utils:1.0.0] AndroidManifest.xml:20:5-44
MERGED from [androidx.transition:transition:1.0.0] AndroidManifest.xml:20:5-44
MERGED from [androidx.transition:transition:1.0.0] AndroidManifest.xml:20:5-44
MERGED from [androidx.viewpager:viewpager:1.0.0] AndroidManifest.xml:20:5-44
MERGED from [androidx.viewpager:viewpager:1.0.0] AndroidManifest.xml:20:5-44
MERGED from [androidx.coordinatorlayout:coordinatorlayout:1.0.0] AndroidManifest.xml:20:5-44
MERGED from [androidx.coordinatorlayout:coordinatorlayout:1.0.0] AndroidManifest.xml:20:5-44
MERGED from [androidx.drawerlayout:drawerlayout:1.0.0] AndroidManifest.xml:20:5-44
MERGED from [androidx.drawerlayout:drawerlayout:1.0.0] AndroidManifest.xml:20:5-44
MERGED from [androidx.slidingpanelayout:slidingpanelayout:1.0.0] AndroidManifest.xml:20:5-44
MERGED from [androidx.slidingpanelayout:slidingpanelayout:1.0.0] AndroidManifest.xml:20:5-44
MERGED from [androidx.customview:customview:1.0.0] AndroidManifest.xml:20:5-44
MERGED from [androidx.customview:customview:1.0.0] AndroidManifest.xml:20:5-44
MERGED from [androidx.swiperefreshlayout:swiperefreshlayout:1.0.0] AndroidManifest.xml:20:5-44
MERGED from [androidx.swiperefreshlayout:swiperefreshlayout:1.0.0] AndroidManifest.xml:20:5-44
MERGED from [androidx.asynclayoutinflater:asynclayoutinflater:1.0.0] AndroidManifest.xml:20:5-44
MERGED from [androidx.asynclayoutinflater:asynclayoutinflater:1.0.0] AndroidManifest.xml:20:5-44
MERGED from [androidx.loader:loader:1.0.0] AndroidManifest.xml:20:5-44
MERGED from [androidx.loader:loader:1.0.0] AndroidManifest.xml:20:5-44
MERGED from [androidx.vectordrawable:vectordrawable:1.0.0] AndroidManifest.xml:20:5-44
MERGED from [androidx.vectordrawable:vectordrawable:1.0.0] AndroidManifest.xml:20:5-44
MERGED from [androidx.core:core:1.0.0] AndroidManifest.xml:20:5-44
MERGED from [androidx.core:core:1.0.0] AndroidManifest.xml:20:5-44
MERGED from [androidx.cardview:cardview:1.0.0] AndroidManifest.xml:20:5-44
MERGED from [androidx.cardview:cardview:1.0.0] AndroidManifest.xml:20:5-44
MERGED from [androidx.versionedparcelable:versionedparcelable:1.0.0] AndroidManifest.xml:20:5-44
MERGED from [androidx.versionedparcelable:versionedparcelable:1.0.0] AndroidManifest.xml:20:5-44
MERGED from [androidx.lifecycle:lifecycle-runtime:2.0.0] AndroidManifest.xml:20:5-44
MERGED from [androidx.lifecycle:lifecycle-runtime:2.0.0] AndroidManifest.xml:20:5-44
MERGED from [androidx.interpolator:interpolator:1.0.0] AndroidManifest.xml:20:5-44
MERGED from [androidx.interpolator:interpolator:1.0.0] AndroidManifest.xml:20:5-44
MERGED from [androidx.cursoradapter:cursoradapter:1.0.0] AndroidManifest.xml:20:5-44
MERGED from [androidx.cursoradapter:cursoradapter:1.0.0] AndroidManifest.xml:20:5-44
MERGED from [androidx.documentfile:documentfile:1.0.0] AndroidManifest.xml:20:5-44
MERGED from [androidx.documentfile:documentfile:1.0.0] AndroidManifest.xml:20:5-44
MERGED from [androidx.localbroadcastmanager:localbroadcastmanager:1.0.0] AndroidManifest.xml:20:5-44
MERGED from [androidx.localbroadcastmanager:localbroadcastmanager:1.0.0] AndroidManifest.xml:20:5-44
MERGED from [androidx.print:print:1.0.0] AndroidManifest.xml:20:5-44
MERGED from [androidx.print:print:1.0.0] AndroidManifest.xml:20:5-44
MERGED from [androidx.lifecycle:lifecycle-viewmodel:2.0.0] AndroidManifest.xml:20:5-44
MERGED from [androidx.lifecycle:lifecycle-viewmodel:2.0.0] AndroidManifest.xml:20:5-44
MERGED from [androidx.lifecycle:lifecycle-livedata:2.0.0] AndroidManifest.xml:20:5-44
MERGED from [androidx.lifecycle:lifecycle-livedata:2.0.0] AndroidManifest.xml:20:5-44
MERGED from [androidx.lifecycle:lifecycle-livedata-core:2.0.0] AndroidManifest.xml:20:5-44
MERGED from [androidx.lifecycle:lifecycle-livedata-core:2.0.0] AndroidManifest.xml:20:5-44
MERGED from [androidx.arch.core:core-runtime:2.0.0] AndroidManifest.xml:20:5-44
MERGED from [androidx.arch.core:core-runtime:2.0.0] AndroidManifest.xml:20:5-44
INJECTED from src/main/AndroidManifest.xml
INJECTED from src/main/AndroidManifest.xml
	android:targetSdkVersion
		INJECTED from src/main/AndroidManifest.xml
		ADDED from src/main/AndroidManifest.xml
		INJECTED from src/main/AndroidManifest.xml
	android:minSdkVersion
		INJECTED from src/main/AndroidManifest.xml
		ADDED from src/main/AndroidManifest.xml
		INJECTED from src/main/AndroidManifest.xml
intent-filter#action:name:android.intent.action.MEDIA_CHECKING+action:name:android.intent.action.MEDIA_EJECT+action:name:android.intent.action.MEDIA_REMOVED+action:name:android.intent.action.MEDIA_UNMOUNTED+data:scheme:file
ADDED from [com.tencent.xinge:xinge:3.2.7-Release] AndroidManifest.xml:62:13-69:29
	android:priority
		ADDED from [com.tencent.xinge:xinge:3.2.7-Release] AndroidManifest.xml:62:28-57
action#android.intent.action.MEDIA_UNMOUNTED
ADDED from [com.tencent.xinge:xinge:3.2.7-Release] AndroidManifest.xml:63:17-80
	android:name
		ADDED from [com.tencent.xinge:xinge:3.2.7-Release] AndroidManifest.xml:63:25-77